Traceback (most recent call last):
  File "/opt/hostedtoolcache/Python/3.12.12/x64/lib/python3.12/site-packages/jupyter_cache/executors/utils.py", line 58, in single_nb_execution
    executenb(
  File "/opt/hostedtoolcache/Python/3.12.12/x64/lib/python3.12/site-packages/nbclient/client.py", line 1323, in execute
    return NotebookClient(nb=nb, resources=resources, km=km, **kwargs).execute()
           ^^^^^^^^^^^^^^^^^^^^^^^^^^^^^^^^^^^^^^^^^^^^^^^^^^^^^^^^^^^^^^^^^^^^^
  File "/opt/hostedtoolcache/Python/3.12.12/x64/lib/python3.12/site-packages/jupyter_core/utils/__init__.py", line 165, in wrapped
    return loop.run_until_complete(inner)
           ^^^^^^^^^^^^^^^^^^^^^^^^^^^^^^
  File "/opt/hostedtoolcache/Python/3.12.12/x64/lib/python3.12/asyncio/base_events.py", line 691, in run_until_complete
    return future.result()
           ^^^^^^^^^^^^^^^
  File "/opt/hostedtoolcache/Python/3.12.12/x64/lib/python3.12/site-packages/nbclient/client.py", line 709, in async_execute
    await self.async_execute_cell(
  File "/opt/hostedtoolcache/Python/3.12.12/x64/lib/python3.12/site-packages/nbclient/client.py", line 1062, in async_execute_cell
    await self._check_raise_for_error(cell, cell_index, exec_reply)
  File "/opt/hostedtoolcache/Python/3.12.12/x64/lib/python3.12/site-packages/nbclient/client.py", line 918, in _check_raise_for_error
    raise CellExecutionError.from_cell_and_msg(cell, exec_reply_content)
nbclient.exceptions.CellExecutionError: An error occurred while executing the following cell:
------------------
import pvlib

data = pvlib.iotools.read_midc_raw_data_from_nrel(
    site='BMS',  # station identifier
    start=pd.Timestamp(2020,6,1),
    end=pd.Timestamp(2020,6,5))

# show a subset of the data
show(data.iloc[:5, 5:10], dom="tpr")
------------------


[0;31m---------------------------------------------------------------------------[0m
[0;31mTimeoutError[0m                              Traceback (most recent call last)
File [0;32m/opt/hostedtoolcache/Python/3.12.12/x64/lib/python3.12/site-packages/urllib3/response.py:903[0m, in [0;36mHTTPResponse._error_catcher[0;34m(self)[0m
[1;32m    902[0m [38;5;28;01mtry[39;00m:
[0;32m--> 903[0m     [38;5;28;01myield[39;00m
[1;32m    905[0m [38;5;28;01mexcept[39;00m SocketTimeout [38;5;28;01mas[39;00m e:
[1;32m    906[0m     [38;5;66;03m# FIXME: Ideally we'd like to include the url in the ReadTimeoutError but[39;00m
[1;32m    907[0m     [38;5;66;03m# there is yet no clean way to get at it from this context.[39;00m

File [0;32m/opt/hostedtoolcache/Python/3.12.12/x64/lib/python3.12/site-packages/urllib3/response.py:1418[0m, in [0;36mHTTPResponse.read_chunked[0;34m(self, amt, decode_content)[0m
[1;32m   1417[0m [38;5;28;01melse[39;00m:
[0;32m-> 1418[0m     [38;5;28;43mself[39;49m[38;5;241;43m.[39;49m[43m_update_chunk_length[49m[43m([49m[43m)[49m
[1;32m   1419[0m     [38;5;28;01mif[39;00m [38;5;28mself[39m[38;5;241m.[39mchunk_left [38;5;241m==[39m [38;5;241m0[39m:

File [0;32m/opt/hostedtoolcache/Python/3.12.12/x64/lib/python3.12/site-packages/urllib3/response.py:1333[0m, in [0;36mHTTPResponse._update_chunk_length[0;34m(self)[0m
[1;32m   1332[0m     [38;5;28;01mreturn[39;00m [38;5;28;01mNone[39;00m
[0;32m-> 1333[0m line [38;5;241m=[39m [38;5;28;43mself[39;49m[38;5;241;43m.[39;49m[43m_fp[49m[38;5;241;43m.[39;49m[43mfp[49m[38;5;241;43m.[39;49m[43mreadline[49m[43m([49m[43m)[49m  [38;5;66;03m# type: ignore[union-attr][39;00m
[1;32m   1334[0m line [38;5;241m=[39m line[38;5;241m.[39msplit([38;5;124mb[39m[38;5;124m"[39m[38;5;124m;[39m[38;5;124m"[39m, [38;5;241m1[39m)[[38;5;241m0[39m]

File [0;32m/opt/hostedtoolcache/Python/3.12.12/x64/lib/python3.12/socket.py:720[0m, in [0;36mSocketIO.readinto[0;34m(self, b)[0m
[1;32m    719[0m [38;5;28;01mtry[39;00m:
[0;32m--> 720[0m     [38;5;28;01mreturn[39;00m [38;5;28;43mself[39;49m[38;5;241;43m.[39;49m[43m_sock[49m[38;5;241;43m.[39;49m[43mrecv_into[49m[43m([49m[43mb[49m[43m)[49m
[1;32m    721[0m [38;5;28;01mexcept[39;00m timeout:

File [0;32m/opt/hostedtoolcache/Python/3.12.12/x64/lib/python3.12/ssl.py:1251[0m, in [0;36mSSLSocket.recv_into[0;34m(self, buffer, nbytes, flags)[0m
[1;32m   1248[0m         [38;5;28;01mraise[39;00m [38;5;167;01mValueError[39;00m(
[1;32m   1249[0m           [38;5;124m"[39m[38;5;124mnon-zero flags not allowed in calls to recv_into() on [39m[38;5;132;01m%s[39;00m[38;5;124m"[39m [38;5;241m%[39m
[1;32m   1250[0m           [38;5;28mself[39m[38;5;241m.[39m[38;5;18m__class__[39m)
[0;32m-> 1251[0m     [38;5;28;01mreturn[39;00m [38;5;28;43mself[39;49m[38;5;241;43m.[39;49m[43mread[49m[43m([49m[43mnbytes[49m[43m,[49m[43m [49m[43mbuffer[49m[43m)[49m
[1;32m   1252[0m [38;5;28;01melse[39;00m:

File [0;32m/opt/hostedtoolcache/Python/3.12.12/x64/lib/python3.12/ssl.py:1103[0m, in [0;36mSSLSocket.read[0;34m(self, len, buffer)[0m
[1;32m   1102[0m [38;5;28;01mif[39;00m buffer [38;5;129;01mis[39;00m [38;5;129;01mnot[39;00m [38;5;28;01mNone[39;00m:
[0;32m-> 1103[0m     [38;5;28;01mreturn[39;00m [38;5;28;43mself[39;49m[38;5;241;43m.[39;49m[43m_sslobj[49m[38;5;241;43m.[39;49m[43mread[49m[43m([49m[38;5;28;43mlen[39;49m[43m,[49m[43m [49m[43mbuffer[49m[43m)[49m
[1;32m   1104[0m [38;5;28;01melse[39;00m:

[0;31mTimeoutError[0m: The read operation timed out

The above exception was the direct cause of the following exception:

[0;31mReadTimeoutError[0m                          Traceback (most recent call last)
File [0;32m/opt/hostedtoolcache/Python/3.12.12/x64/lib/python3.12/site-packages/requests/models.py:820[0m, in [0;36mResponse.iter_content.<locals>.generate[0;34m()[0m
[1;32m    819[0m [38;5;28;01mtry[39;00m:
[0;32m--> 820[0m     [38;5;28;01myield from[39;00m [38;5;28mself[39m[38;5;241m.[39mraw[38;5;241m.[39mstream(chunk_size, decode_content[38;5;241m=[39m[38;5;28;01mTrue[39;00m)
[1;32m    821[0m [38;5;28;01mexcept[39;00m ProtocolError [38;5;28;01mas[39;00m e:

File [0;32m/opt/hostedtoolcache/Python/3.12.12/x64/lib/python3.12/site-packages/urllib3/response.py:1250[0m, in [0;36mHTTPResponse.stream[0;34m(self, amt, decode_content)[0m
[1;32m   1249[0m [38;5;28;01mif[39;00m [38;5;28mself[39m[38;5;241m.[39mchunked [38;5;129;01mand[39;00m [38;5;28mself[39m[38;5;241m.[39msupports_chunked_reads():
[0;32m-> 1250[0m     [38;5;28;01myield from[39;00m [38;5;28mself[39m[38;5;241m.[39mread_chunked(amt, decode_content[38;5;241m=[39mdecode_content)
[1;32m   1251[0m [38;5;28;01melse[39;00m:

File [0;32m/opt/hostedtoolcache/Python/3.12.12/x64/lib/python3.12/site-packages/urllib3/response.py:1397[0m, in [0;36mHTTPResponse.read_chunked[0;34m(self, amt, decode_content)[0m
[1;32m   1392[0m     [38;5;28;01mraise[39;00m BodyNotHttplibCompatible(
[1;32m   1393[0m         [38;5;124m"[39m[38;5;124mBody should be http.client.HTTPResponse like. [39m[38;5;124m"[39m
[1;32m   1394[0m         [38;5;124m"[39m[38;5;124mIt should have have an fp attribute which returns raw chunks.[39m[38;5;124m"[39m
[1;32m   1395[0m     )
[0;32m-> 1397[0m [38;5;28;01mwith[39;00m [38;5;28mself[39m[38;5;241m.[39m_error_catcher():
[1;32m   1398[0m     [38;5;66;03m# Don't bother reading the body of a HEAD request.[39;00m
[1;32m   1399[0m     [38;5;28;01mif[39;00m [38;5;28mself[39m[38;5;241m.[39m_original_response [38;5;129;01mand[39;00m is_response_to_head([38;5;28mself[39m[38;5;241m.[39m_original_response):

File [0;32m/opt/hostedtoolcache/Python/3.12.12/x64/lib/python3.12/contextlib.py:158[0m, in [0;36m_GeneratorContextManager.__exit__[0;34m(self, typ, value, traceback)[0m
[1;32m    157[0m [38;5;28;01mtry[39;00m:
[0;32m--> 158[0m     [38;5;28;43mself[39;49m[38;5;241;43m.[39;49m[43mgen[49m[38;5;241;43m.[39;49m[43mthrow[49m[43m([49m[43mvalue[49m[43m)[49m
[1;32m    159[0m [38;5;28;01mexcept[39;00m [38;5;167;01mStopIteration[39;00m [38;5;28;01mas[39;00m exc:
[1;32m    160[0m     [38;5;66;03m# Suppress StopIteration *unless* it's the same exception that[39;00m
[1;32m    161[0m     [38;5;66;03m# was passed to throw().  This prevents a StopIteration[39;00m
[1;32m    162[0m     [38;5;66;03m# raised inside the "with" statement from being suppressed.[39;00m

File [0;32m/opt/hostedtoolcache/Python/3.12.12/x64/lib/python3.12/site-packages/urllib3/response.py:908[0m, in [0;36mHTTPResponse._error_catcher[0;34m(self)[0m
[1;32m    905[0m [38;5;28;01mexcept[39;00m SocketTimeout [38;5;28;01mas[39;00m e:
[1;32m    906[0m     [38;5;66;03m# FIXME: Ideally we'd like to include the url in the ReadTimeoutError but[39;00m
[1;32m    907[0m     [38;5;66;03m# there is yet no clean way to get at it from this context.[39;00m
[0;32m--> 908[0m     [38;5;28;01mraise[39;00m ReadTimeoutError([38;5;28mself[39m[38;5;241m.[39m_pool, [38;5;28;01mNone[39;00m, [38;5;124m"[39m[38;5;124mRead timed out.[39m[38;5;124m"[39m) [38;5;28;01mfrom[39;00m[38;5;250m [39m[38;5;21;01me[39;00m  [38;5;66;03m# type: ignore[arg-type][39;00m
[1;32m    910[0m [38;5;28;01mexcept[39;00m BaseSSLError [38;5;28;01mas[39;00m e:
[1;32m    911[0m     [38;5;66;03m# FIXME: Is there a better way to differentiate between SSLErrors?[39;00m

[0;31mReadTimeoutError[0m: HTTPSConnectionPool(host='midcdmz.nrel.gov', port=443): Read timed out.

During handling of the above exception, another exception occurred:

[0;31mConnectionError[0m                           Traceback (most recent call last)
Cell [0;32mIn[3], line 3[0m
[1;32m      1[0m [38;5;28;01mimport[39;00m[38;5;250m [39m[38;5;21;01mpvlib[39;00m
[0;32m----> 3[0m data [38;5;241m=[39m [43mpvlib[49m[38;5;241;43m.[39;49m[43miotools[49m[38;5;241;43m.[39;49m[43mread_midc_raw_data_from_nrel[49m[43m([49m
[1;32m      4[0m [43m    [49m[43msite[49m[38;5;241;43m=[39;49m[38;5;124;43m'[39;49m[38;5;124;43mBMS[39;49m[38;5;124;43m'[39;49m[43m,[49m[43m  [49m[38;5;66;43;03m# station identifier[39;49;00m
[1;32m      5[0m [43m    [49m[43mstart[49m[38;5;241;43m=[39;49m[43mpd[49m[38;5;241;43m.[39;49m[43mTimestamp[49m[43m([49m[38;5;241;43m2020[39;49m[43m,[49m[38;5;241;43m6[39;49m[43m,[49m[38;5;241;43m1[39;49m[43m)[49m[43m,[49m
[1;32m      6[0m [43m    [49m[43mend[49m[38;5;241;43m=[39;49m[43mpd[49m[38;5;241;43m.[39;49m[43mTimestamp[49m[43m([49m[38;5;241;43m2020[39;49m[43m,[49m[38;5;241;43m6[39;49m[43m,[49m[38;5;241;43m5[39;49m[43m)[49m[43m)[49m
[1;32m      8[0m [38;5;66;03m# show a subset of the data[39;00m
[1;32m      9[0m show(data[38;5;241m.[39miloc[:[38;5;241m5[39m, [38;5;241m5[39m:[38;5;241m10[39m], dom[38;5;241m=[39m[38;5;124m"[39m[38;5;124mtpr[39m[38;5;124m"[39m)

File [0;32m/opt/hostedtoolcache/Python/3.12.12/x64/lib/python3.12/site-packages/pvlib/iotools/midc.py:262[0m, in [0;36mread_midc_raw_data_from_nrel[0;34m(site, start, end, variable_map, timeout)[0m
[1;32m    257[0m url [38;5;241m=[39m [38;5;124m'[39m[38;5;124mhttps://midcdmz.nrel.gov/apps/data_api.pl[39m[38;5;124m'[39m
[1;32m    258[0m [38;5;66;03m# NOTE: just use requests.get(url, params=args) to build querystring[39;00m
[1;32m    259[0m [38;5;66;03m# number of header columns and data columns do not always match,[39;00m
[1;32m    260[0m [38;5;66;03m# so first parse the header to determine the number of data columns[39;00m
[1;32m    261[0m [38;5;66;03m# to parse[39;00m
[0;32m--> 262[0m csv_request [38;5;241m=[39m [43mrequests[49m[38;5;241;43m.[39;49m[43mget[49m[43m([49m[43murl[49m[43m,[49m[43m [49m[43mtimeout[49m[38;5;241;43m=[39;49m[43mtimeout[49m[43m,[49m[43m [49m[43mparams[49m[38;5;241;43m=[39;49m[43margs[49m[43m)[49m
[1;32m    263[0m csv_request[38;5;241m.[39mraise_for_status()
[1;32m    264[0m raw_csv [38;5;241m=[39m io[38;5;241m.[39mStringIO(csv_request[38;5;241m.[39mtext)

File [0;32m/opt/hostedtoolcache/Python/3.12.12/x64/lib/python3.12/site-packages/requests/api.py:73[0m, in [0;36mget[0;34m(url, params, **kwargs)[0m
[1;32m     62[0m [38;5;28;01mdef[39;00m[38;5;250m [39m[38;5;21mget[39m(url, params[38;5;241m=[39m[38;5;28;01mNone[39;00m, [38;5;241m*[39m[38;5;241m*[39mkwargs):
[1;32m     63[0m [38;5;250m    [39m[38;5;124mr[39m[38;5;124;03m"""Sends a GET request.[39;00m
[1;32m     64[0m 
[1;32m     65[0m [38;5;124;03m    :param url: URL for the new :class:`Request` object.[39;00m
[0;32m   (...)[0m
[1;32m     70[0m [38;5;124;03m    :rtype: requests.Response[39;00m
[1;32m     71[0m [38;5;124;03m    """[39;00m
[0;32m---> 73[0m     [38;5;28;01mreturn[39;00m [43mrequest[49m[43m([49m[38;5;124;43m"[39;49m[38;5;124;43mget[39;49m[38;5;124;43m"[39;49m[43m,[49m[43m [49m[43murl[49m[43m,[49m[43m [49m[43mparams[49m[38;5;241;43m=[39;49m[43mparams[49m[43m,[49m[43m [49m[38;5;241;43m*[39;49m[38;5;241;43m*[39;49m[43mkwargs[49m[43m)[49m

File [0;32m/opt/hostedtoolcache/Python/3.12.12/x64/lib/python3.12/site-packages/requests/api.py:59[0m, in [0;36mrequest[0;34m(method, url, **kwargs)[0m
[1;32m     55[0m [38;5;66;03m# By using the 'with' statement we are sure the session is closed, thus we[39;00m
[1;32m     56[0m [38;5;66;03m# avoid leaving sockets open which can trigger a ResourceWarning in some[39;00m
[1;32m     57[0m [38;5;66;03m# cases, and look like a memory leak in others.[39;00m
[1;32m     58[0m [38;5;28;01mwith[39;00m sessions[38;5;241m.[39mSession() [38;5;28;01mas[39;00m session:
[0;32m---> 59[0m     [38;5;28;01mreturn[39;00m [43msession[49m[38;5;241;43m.[39;49m[43mrequest[49m[43m([49m[43mmethod[49m[38;5;241;43m=[39;49m[43mmethod[49m[43m,[49m[43m [49m[43murl[49m[38;5;241;43m=[39;49m[43murl[49m[43m,[49m[43m [49m[38;5;241;43m*[39;49m[38;5;241;43m*[39;49m[43mkwargs[49m[43m)[49m

File [0;32m/opt/hostedtoolcache/Python/3.12.12/x64/lib/python3.12/site-packages/requests/sessions.py:589[0m, in [0;36mSession.request[0;34m(self, method, url, params, data, headers, cookies, files, auth, timeout, allow_redirects, proxies, hooks, stream, verify, cert, json)[0m
[1;32m    584[0m send_kwargs [38;5;241m=[39m {
[1;32m    585[0m     [38;5;124m"[39m[38;5;124mtimeout[39m[38;5;124m"[39m: timeout,
[1;32m    586[0m     [38;5;124m"[39m[38;5;124mallow_redirects[39m[38;5;124m"[39m: allow_redirects,
[1;32m    587[0m }
[1;32m    588[0m send_kwargs[38;5;241m.[39mupdate(settings)
[0;32m--> 589[0m resp [38;5;241m=[39m [38;5;28;43mself[39;49m[38;5;241;43m.[39;49m[43msend[49m[43m([49m[43mprep[49m[43m,[49m[43m [49m[38;5;241;43m*[39;49m[38;5;241;43m*[39;49m[43msend_kwargs[49m[43m)[49m
[1;32m    591[0m [38;5;28;01mreturn[39;00m resp

File [0;32m/opt/hostedtoolcache/Python/3.12.12/x64/lib/python3.12/site-packages/requests/sessions.py:724[0m, in [0;36mSession.send[0;34m(self, request, **kwargs)[0m
[1;32m    721[0m [38;5;28;01mif[39;00m allow_redirects:
[1;32m    722[0m     [38;5;66;03m# Redirect resolving generator.[39;00m
[1;32m    723[0m     gen [38;5;241m=[39m [38;5;28mself[39m[38;5;241m.[39mresolve_redirects(r, request, [38;5;241m*[39m[38;5;241m*[39mkwargs)
[0;32m--> 724[0m     history [38;5;241m=[39m [43m[[49m[43mresp[49m[43m [49m[38;5;28;43;01mfor[39;49;00m[43m [49m[43mresp[49m[43m [49m[38;5;129;43;01min[39;49;00m[43m [49m[43mgen[49m[43m][49m
[1;32m    725[0m [38;5;28;01melse[39;00m:
[1;32m    726[0m     history [38;5;241m=[39m []

File [0;32m/opt/hostedtoolcache/Python/3.12.12/x64/lib/python3.12/site-packages/requests/sessions.py:265[0m, in [0;36mSessionRedirectMixin.resolve_redirects[0;34m(self, resp, req, stream, timeout, verify, cert, proxies, yield_requests, **adapter_kwargs)[0m
[1;32m    263[0m     [38;5;28;01myield[39;00m req
[1;32m    264[0m [38;5;28;01melse[39;00m:
[0;32m--> 265[0m     resp [38;5;241m=[39m [38;5;28;43mself[39;49m[38;5;241;43m.[39;49m[43msend[49m[43m([49m
[1;32m    266[0m [43m        [49m[43mreq[49m[43m,[49m
[1;32m    267[0m [43m        [49m[43mstream[49m[38;5;241;43m=[39;49m[43mstream[49m[43m,[49m
[1;32m    268[0m [43m        [49m[43mtimeout[49m[38;5;241;43m=[39;49m[43mtimeout[49m[43m,[49m
[1;32m    269[0m [43m        [49m[43mverify[49m[38;5;241;43m=[39;49m[43mverify[49m[43m,[49m
[1;32m    270[0m [43m        [49m[43mcert[49m[38;5;241;43m=[39;49m[43mcert[49m[43m,[49m
[1;32m    271[0m [43m        [49m[43mproxies[49m[38;5;241;43m=[39;49m[43mproxies[49m[43m,[49m
[1;32m    272[0m [43m        [49m[43mallow_redirects[49m[38;5;241;43m=[39;49m[38;5;28;43;01mFalse[39;49;00m[43m,[49m
[1;32m    273[0m [43m        [49m[38;5;241;43m*[39;49m[38;5;241;43m*[39;49m[43madapter_kwargs[49m[43m,[49m
[1;32m    274[0m [43m    [49m[43m)[49m
[1;32m    276[0m     extract_cookies_to_jar([38;5;28mself[39m[38;5;241m.[39mcookies, prepared_request, resp[38;5;241m.[39mraw)
[1;32m    278[0m     [38;5;66;03m# extract redirect url, if any, for the next loop[39;00m

File [0;32m/opt/hostedtoolcache/Python/3.12.12/x64/lib/python3.12/site-packages/requests/sessions.py:746[0m, in [0;36mSession.send[0;34m(self, request, **kwargs)[0m
[1;32m    743[0m         [38;5;28;01mpass[39;00m
[1;32m    745[0m [38;5;28;01mif[39;00m [38;5;129;01mnot[39;00m stream:
[0;32m--> 746[0m     [43mr[49m[38;5;241;43m.[39;49m[43mcontent[49m
[1;32m    748[0m [38;5;28;01mreturn[39;00m r

File [0;32m/opt/hostedtoolcache/Python/3.12.12/x64/lib/python3.12/site-packages/requests/models.py:902[0m, in [0;36mResponse.content[0;34m(self)[0m
[1;32m    900[0m         [38;5;28mself[39m[38;5;241m.[39m_content [38;5;241m=[39m [38;5;28;01mNone[39;00m
[1;32m    901[0m     [38;5;28;01melse[39;00m:
[0;32m--> 902[0m         [38;5;28mself[39m[38;5;241m.[39m_content [38;5;241m=[39m [38;5;124;43mb[39;49m[38;5;124;43m"[39;49m[38;5;124;43m"[39;49m[38;5;241;43m.[39;49m[43mjoin[49m[43m([49m[38;5;28;43mself[39;49m[38;5;241;43m.[39;49m[43miter_content[49m[43m([49m[43mCONTENT_CHUNK_SIZE[49m[43m)[49m[43m)[49m [38;5;129;01mor[39;00m [38;5;124mb[39m[38;5;124m"[39m[38;5;124m"[39m
[1;32m    904[0m [38;5;28mself[39m[38;5;241m.[39m_content_consumed [38;5;241m=[39m [38;5;28;01mTrue[39;00m
[1;32m    905[0m [38;5;66;03m# don't need to release the connection; that's been handled by urllib3[39;00m
[1;32m    906[0m [38;5;66;03m# since we exhausted the data.[39;00m

File [0;32m/opt/hostedtoolcache/Python/3.12.12/x64/lib/python3.12/site-packages/requests/models.py:826[0m, in [0;36mResponse.iter_content.<locals>.generate[0;34m()[0m
[1;32m    824[0m     [38;5;28;01mraise[39;00m ContentDecodingError(e)
[1;32m    825[0m [38;5;28;01mexcept[39;00m ReadTimeoutError [38;5;28;01mas[39;00m e:
[0;32m--> 826[0m     [38;5;28;01mraise[39;00m [38;5;167;01mConnectionError[39;00m(e)
[1;32m    827[0m [38;5;28;01mexcept[39;00m SSLError [38;5;28;01mas[39;00m e:
[1;32m    828[0m     [38;5;28;01mraise[39;00m RequestsSSLError(e)

[0;31mConnectionError[0m: HTTPSConnectionPool(host='midcdmz.nrel.gov', port=443): Read timed out.

